<?xml version="1.0" encoding="UTF-8"?>
<testsuite name="com.bridgelabz.generics.MaximumNumberTest" tests="4" skipped="0" failures="0" errors="0" timestamp="2019-11-28T11:46:46" hostname="mohit-Inspiron-15-3567" time="0.004">
  <properties/>
  <testcase name="readNumber_CheckMaximum_ReturnTrueInFloat1" classname="com.bridgelabz.generics.MaximumNumberTest" time="0.002"/>
  <testcase name="readNumber_CheckMaximum_ReturnTrueInFloat" classname="com.bridgelabz.generics.MaximumNumberTest" time="0.0"/>
  <testcase name="readNumber_CheckMaximum_ReturnTrue1" classname="com.bridgelabz.generics.MaximumNumberTest" time="0.001"/>
  <testcase name="readNumber_Checkmaximum_ReturnTrue" classname="com.bridgelabz.generics.MaximumNumberTest" time="0.0"/>
  <system-out><![CDATA[]]></system-out>
  <system-err><![CDATA[]]></system-err>
</testsuite>
