<?xml version="1.0" encoding="UTF-8"?>
<testsuite name="com.bridgelabz.generics.MaximumNumberTest" tests="15" skipped="0" failures="0" errors="0" timestamp="2019-11-29T07:41:26" hostname="mohit-Inspiron-15-3567" time="0.008">
  <properties/>
  <testcase name="readNumber_CheckMaximumInInteger" classname="com.bridgelabz.generics.MaximumNumberTest" time="0.003"/>
  <testcase name="readNumber_CheckMaximumInFloat" classname="com.bridgelabz.generics.MaximumNumberTest" time="0.0"/>
  <testcase name="readNumber_CheckMaximum_ReturnTrueInFloat1" classname="com.bridgelabz.generics.MaximumNumberTest" time="0.001"/>
  <testcase name="readNumber_CheckMaximum_ReturnTrueInFloat2" classname="com.bridgelabz.generics.MaximumNumberTest" time="0.0"/>
  <testcase name="readNumber_CheckMaximum_ReturnTrueInString" classname="com.bridgelabz.generics.MaximumNumberTest" time="0.0"/>
  <testcase name="readNumber_CheckMaximum_ReturnTrueInFloat" classname="com.bridgelabz.generics.MaximumNumberTest" time="0.0"/>
  <testcase name="readNumber_CheckMaximum_ReturnTrueForFloat" classname="com.bridgelabz.generics.MaximumNumberTest" time="0.0"/>
  <testcase name="readNumber_CheckMaximum_ReturnTrueForString" classname="com.bridgelabz.generics.MaximumNumberTest" time="0.0"/>
  <testcase name="readNumber_CheckMaximumInString" classname="com.bridgelabz.generics.MaximumNumberTest" time="0.0"/>
  <testcase name="readNumber_CheckMaximum_ReturnTrue1" classname="com.bridgelabz.generics.MaximumNumberTest" time="0.0"/>
  <testcase name="readNumber_CheckMaximum_ReturnTrue2" classname="com.bridgelabz.generics.MaximumNumberTest" time="0.001"/>
  <testcase name="readNumber_CheckMaximum_ReturnTrueInString1" classname="com.bridgelabz.generics.MaximumNumberTest" time="0.0"/>
  <testcase name="readNumber_CheckMaximum_ReturnTrueInString2" classname="com.bridgelabz.generics.MaximumNumberTest" time="0.0"/>
  <testcase name="readNumber_Checkmaximum_ReturnTrue" classname="com.bridgelabz.generics.MaximumNumberTest" time="0.0"/>
  <testcase name="readNumber_CheckMaximum_ReturnTrueForInteger" classname="com.bridgelabz.generics.MaximumNumberTest" time="0.0"/>
  <system-out><![CDATA[Maximum value:30
Maximum value:10.3
Maximum value:cde
]]></system-out>
  <system-err><![CDATA[]]></system-err>
</testsuite>
