<?xml version="1.0" encoding="UTF-8"?>
<testsuite name="com.bridgelabz.generics.MaximumNumberTest" tests="1" skipped="0" failures="0" errors="0" timestamp="2019-11-29T10:39:39" hostname="mohit-Inspiron-15-3567" time="0.002">
  <properties/>
  <testcase name="readNumber_CheckMaximum" classname="com.bridgelabz.generics.MaximumNumberTest" time="0.002"/>
  <system-out><![CDATA[]]></system-out>
  <system-err><![CDATA[]]></system-err>
</testsuite>
